<?xml version="1.0" encoding="UTF-8"?>
<!-- Generated by org.testng.reporters.JUnitXMLReporter -->
<testsuite ignored="0" hostname="Lokesh-PC" failures="0" tests="5" name="Test" time="134.76" errors="0" timestamp="2022-06-15T08:36:34 IST">
  <testcase classname="scenarios.api.Token_Validation_Valid" name="filename" time="0.005"/>
  <testcase classname="extend.api.CreateReport" name="extend" time="0.213"/>
  <testcase classname="testsuite1.test.Token_Validation_Valid" name="All_USER_LOGIN_Validation" time="25.301"/>
  <testcase classname="scenarios.api.Token_Validation_Invalid" name="filename" time="0.001"/>
  <testcase classname="testsuite1.test.Token_Validation_Invalid" name="All_USER_LOGIN_Validation" time="109.192"/>
</testsuite> <!-- Test -->
