<?xml version="1.0" encoding="UTF-8"?>
<!-- Generated by org.testng.reporters.JUnitXMLReporter -->
<testsuite ignored="0" hostname="Lokesh-PC" failures="0" tests="7" name="Test" time="264.082" errors="0" timestamp="2022-06-28T09:43:22 IST">
  <testcase classname="scenarios.api.Region_RegionID" name="filename" time="0.009"/>
  <testcase classname="extend.api.CreateReport" name="extend" time="0.382"/>
  <testcase classname="testsuite1.test.Region_POST_Create" name="CREATE_New_Region" time="44.0"/>
  <testcase classname="testsuite1.test.Region_GET_View" name="VIEW_All_Region" time="33.899"/>
  <testcase classname="testsuite1.test.Region_PUT_Update" name="UPDATE_Specific_Region_using_ID" time="74.501"/>
  <testcase classname="testsuite1.test.Region_DELETE_Delete" name="DELETE_Specific_Region_using_ID" time="56.244"/>
  <testcase classname="testsuite1.test.Region_GET_View_ID" name="VIEW_Specific_Region_using_ID" time="54.992"/>
</testsuite> <!-- Test -->
