<?xml version="1.0" encoding="UTF-8"?>
<!-- Generated by org.testng.reporters.JUnitXMLReporter -->
<testsuite ignored="0" hostname="Lokesh-PC" failures="0" tests="7" name="Test" time="238.721" errors="0" timestamp="2022-06-15T08:53:01 IST">
  <testcase classname="scenarios.api.Region_RegionID" name="filename" time="0.005"/>
  <testcase classname="extend.api.CreateReport" name="extend" time="0.203"/>
  <testcase classname="testsuite1.test.Region_POST_Create" name="CREATE_New_Region" time="36.784"/>
  <testcase classname="testsuite1.test.Region_GET_View" name="VIEW_All_Region" time="32.512"/>
  <testcase classname="testsuite1.test.Region_PUT_Update" name="UPDATE_Specific_Region_using_ID" time="68.049"/>
  <testcase classname="testsuite1.test.Region_DELETE_Delete" name="DELETE_Specific_Region_using_ID" time="50.372"/>
  <testcase classname="testsuite1.test.Region_GET_View_ID" name="VIEW_Specific_Region_using_ID" time="50.748"/>
</testsuite> <!-- Test -->
