<?xml version="1.0" encoding="UTF-8"?>
<testng-results ignored="0" total="3" passed="3" failed="0" skipped="0">
  <reporter-output>
  </reporter-output>
  <suite started-at="2022-06-28T12:46:13 IST" name="Suite" finished-at="2022-06-28T12:46:26 IST" duration-ms="13653">
    <groups>
    </groups>
    <test started-at="2022-06-28T12:46:13 IST" name="Test" finished-at="2022-06-28T12:46:26 IST" duration-ms="13653">
      <class name="testsuite3.test.Rule_Config_POST_with_RollBackVersion_RuleConfigID">
        <test-method signature="Create_RuleConfigID_RoleBackVersion(java.lang.String)[pri:0, instance:testsuite3.test.Rule_Config_POST_with_RollBackVersion_RuleConfigID@6b81ce95]" started-at="2022-06-28T12:46:13 IST" name="Create_RuleConfigID_RoleBackVersion" data-provider="ProbaseURL" finished-at="2022-06-28T12:46:26 IST" duration-ms="13420" status="PASS">
          <params>
            <param index="0">
              <value>
                <![CDATA[https://lnmjapi.adappt.ai/]]>
              </value>
            </param>
          </params>
          <reporter-output>
          </reporter-output>
        </test-method> <!-- Create_RuleConfigID_RoleBackVersion -->
      </class> <!-- testsuite3.test.Rule_Config_POST_with_RollBackVersion_RuleConfigID -->
      <class name="extend.api.CreateReport">
        <test-method signature="extend()[pri:1, instance:extend.api.CreateReport@6572421]" started-at="2022-06-28T12:46:13 IST" name="extend" finished-at="2022-06-28T12:46:13 IST" duration-ms="182" status="PASS">
          <reporter-output>
          </reporter-output>
        </test-method> <!-- extend -->
      </class> <!-- extend.api.CreateReport -->
      <class name="scenarios.api.Rule_Config_Include_RollBackVersion_ID">
        <test-method signature="filename()[pri:0, instance:scenarios.api.Rule_Config_Include_RollBackVersion_ID@359f7cdf]" started-at="2022-06-28T12:46:13 IST" name="filename" finished-at="2022-06-28T12:46:13 IST" duration-ms="6" status="PASS">
          <reporter-output>
          </reporter-output>
        </test-method> <!-- filename -->
      </class> <!-- scenarios.api.Rule_Config_Include_RollBackVersion_ID -->
    </test> <!-- Test -->
  </suite> <!-- Suite -->
</testng-results>
