<?xml version="1.0" encoding="UTF-8"?>
<!-- Generated by org.testng.reporters.JUnitXMLReporter -->
<testsuite ignored="0" hostname="Lokesh-PC" failures="0" tests="3" name="Test" time="13.653" errors="0" timestamp="2022-06-28T12:46:26 IST">
  <testcase classname="scenarios.api.Rule_Config_Include_RollBackVersion_ID" name="filename" time="0.006"/>
  <testcase classname="extend.api.CreateReport" name="extend" time="0.182"/>
  <testcase classname="testsuite3.test.Rule_Config_POST_with_RollBackVersion_RuleConfigID" name="Create_RuleConfigID_RoleBackVersion" time="13.42"/>
</testsuite> <!-- Test -->
